{"C:\\Users\\santy\\OneDrive\\Escritorio\\Digital NAO\\Reto 4 - Java y JavaScript procedimientos de programación\\proyecto-js\\7. Travel Plan(Graph)\\Dijkstra.js": {"path":"C:\\Users\\santy\\OneDrive\\Escritorio\\Digital NAO\\Reto 4 - Java y JavaScript procedimientos de programación\\proyecto-js\\7. Travel Plan(Graph)\\Dijkstra.js","statementMap":{"0":{"start":{"line":4,"column":19},"end":{"line":4,"column":21}},"1":{"start":{"line":5,"column":4},"end":{"line":7,"column":5}},"2":{"start":{"line":5,"column":16},"end":{"line":5,"column":17}},"3":{"start":{"line":6,"column":8},"end":{"line":6,"column":26}},"4":{"start":{"line":8,"column":4},"end":{"line":11,"column":5}},"5":{"start":{"line":8,"column":16},"end":{"line":8,"column":17}},"6":{"start":{"line":9,"column":8},"end":{"line":9,"column":50}},"7":{"start":{"line":10,"column":8},"end":{"line":10,"column":50}},"8":{"start":{"line":12,"column":4},"end":{"line":12,"column":20}},"9":{"start":{"line":16,"column":14},"end":{"line":16,"column":30}},"10":{"start":{"line":17,"column":15},"end":{"line":17,"column":17}},"11":{"start":{"line":18,"column":4},"end":{"line":19,"column":30}},"12":{"start":{"line":18,"column":14},"end":{"line":18,"column":15}},"13":{"start":{"line":19,"column":8},"end":{"line":19,"column":30}},"14":{"start":{"line":20,"column":4},"end":{"line":20,"column":21}},"15":{"start":{"line":22,"column":4},"end":{"line":39,"column":5}},"16":{"start":{"line":22,"column":14},"end":{"line":22,"column":15}},"17":{"start":{"line":23,"column":17},"end":{"line":23,"column":19}},"18":{"start":{"line":24,"column":8},"end":{"line":29,"column":9}},"19":{"start":{"line":24,"column":18},"end":{"line":24,"column":19}},"20":{"start":{"line":25,"column":12},"end":{"line":28,"column":13}},"21":{"start":{"line":26,"column":16},"end":{"line":27,"column":27}},"22":{"start":{"line":27,"column":20},"end":{"line":27,"column":27}},"23":{"start":{"line":31,"column":8},"end":{"line":31,"column":20}},"24":{"start":{"line":32,"column":8},"end":{"line":38,"column":9}},"25":{"start":{"line":32,"column":18},"end":{"line":32,"column":19}},"26":{"start":{"line":33,"column":23},"end":{"line":33,"column":35}},"27":{"start":{"line":34,"column":12},"end":{"line":37,"column":13}},"28":{"start":{"line":35,"column":16},"end":{"line":35,"column":55}},"29":{"start":{"line":36,"column":16},"end":{"line":36,"column":38}},"30":{"start":{"line":41,"column":4},"end":{"line":41,"column":16}},"31":{"start":{"line":44,"column":10},"end":{"line":44,"column":11}},"32":{"start":{"line":45,"column":8},"end":{"line":45,"column":9}},"33":{"start":{"line":46,"column":8},"end":{"line":47,"column":68}},"34":{"start":{"line":49,"column":12},"end":{"line":49,"column":28}},"35":{"start":{"line":50,"column":16},"end":{"line":50,"column":35}},"36":{"start":{"line":51,"column":0},"end":{"line":51,"column":23}}},"fnMap":{"0":{"name":"createGraph","decl":{"start":{"line":1,"column":16},"end":{"line":1,"column":27}},"loc":{"start":{"line":1,"column":32},"end":{"line":13,"column":1}},"line":1},"1":{"name":"djikstra","decl":{"start":{"line":15,"column":16},"end":{"line":15,"column":24}},"loc":{"start":{"line":15,"column":40},"end":{"line":42,"column":1}},"line":15}},"branchMap":{"0":{"loc":{"start":{"line":25,"column":12},"end":{"line":28,"column":13}},"type":"if","locations":[{"start":{"line":25,"column":12},"end":{"line":28,"column":13}},{"start":{},"end":{}}],"line":25},"1":{"loc":{"start":{"line":26,"column":16},"end":{"line":27,"column":27}},"type":"if","locations":[{"start":{"line":26,"column":16},"end":{"line":27,"column":27}},{"start":{},"end":{}}],"line":26},"2":{"loc":{"start":{"line":26,"column":19},"end":{"line":26,"column":52}},"type":"binary-expr","locations":[{"start":{"line":26,"column":19},"end":{"line":26,"column":26}},{"start":{"line":26,"column":30},"end":{"line":26,"column":52}}],"line":26},"3":{"loc":{"start":{"line":34,"column":12},"end":{"line":37,"column":13}},"type":"if","locations":[{"start":{"line":34,"column":12},"end":{"line":37,"column":13}},{"start":{},"end":{}}],"line":34},"4":{"loc":{"start":{"line":34,"column":15},"end":{"line":34,"column":71}},"type":"binary-expr","locations":[{"start":{"line":34,"column":15},"end":{"line":34,"column":31}},{"start":{"line":34,"column":35},"end":{"line":34,"column":71}}],"line":34}},"s":{"0":3,"1":3,"2":3,"3":23,"4":3,"5":3,"6":31,"7":31,"8":3,"9":3,"10":3,"11":3,"12":3,"13":23,"14":3,"15":3,"16":3,"17":20,"18":20,"19":20,"20":164,"21":102,"22":28,"23":20,"24":20,"25":20,"26":58,"27":58,"28":23,"29":23,"30":3,"31":1,"32":1,"33":1,"34":1,"35":1,"36":1},"f":{"0":3,"1":3},"b":{"0":[102,62],"1":[28,74],"2":[102,82],"3":[23,35],"4":[58,31]},"_coverageSchema":"1a1c01bbd47fc00a2c39e90264f33305004495a9","hash":"7655a7e99139b0187447409fd685fa8399cb6015"}
,"C:\\Users\\santy\\OneDrive\\Escritorio\\Digital NAO\\Reto 4 - Java y JavaScript procedimientos de programación\\proyecto-js\\7. Travel Plan(Graph)\\Graph.js": {"path":"C:\\Users\\santy\\OneDrive\\Escritorio\\Digital NAO\\Reto 4 - Java y JavaScript procedimientos de programación\\proyecto-js\\7. Travel Plan(Graph)\\Graph.js","statementMap":{"0":{"start":{"line":2,"column":25},"end":{"line":2,"column":27}},"1":{"start":{"line":4,"column":4},"end":{"line":6,"column":5}},"2":{"start":{"line":4,"column":15},"end":{"line":4,"column":16}},"3":{"start":{"line":5,"column":8},"end":{"line":5,"column":32}},"4":{"start":{"line":8,"column":4},"end":{"line":11,"column":5}},"5":{"start":{"line":8,"column":15},"end":{"line":8,"column":16}},"6":{"start":{"line":9,"column":8},"end":{"line":9,"column":61}},"7":{"start":{"line":10,"column":8},"end":{"line":10,"column":61}},"8":{"start":{"line":13,"column":4},"end":{"line":13,"column":26}},"9":{"start":{"line":16,"column":10},"end":{"line":16,"column":11}},"10":{"start":{"line":17,"column":10},"end":{"line":17,"column":48}},"11":{"start":{"line":19,"column":12},"end":{"line":19,"column":29}},"12":{"start":{"line":21,"column":0},"end":{"line":21,"column":26}},"13":{"start":{"line":22,"column":0},"end":{"line":22,"column":19}}},"fnMap":{"0":{"name":"createGraph","decl":{"start":{"line":1,"column":16},"end":{"line":1,"column":27}},"loc":{"start":{"line":1,"column":33},"end":{"line":14,"column":1}},"line":1}},"branchMap":{},"s":{"0":4,"1":4,"2":4,"3":18,"4":4,"5":4,"6":8,"7":8,"8":4,"9":1,"10":1,"11":1,"12":1,"13":1},"f":{"0":4},"b":{},"_coverageSchema":"1a1c01bbd47fc00a2c39e90264f33305004495a9","hash":"9a3953fe57ee7e550f6a288c3c9fb09e3492b3c1"}
}
