TN:
SF:Dijkstra.js
FN:1,createGraph
FN:15,djikstra
FNF:2
FNH:2
FNDA:3,createGraph
FNDA:3,djikstra
DA:4,3
DA:5,3
DA:6,23
DA:8,3
DA:9,31
DA:10,31
DA:12,3
DA:16,3
DA:17,3
DA:18,3
DA:19,23
DA:20,3
DA:22,3
DA:23,20
DA:24,20
DA:25,164
DA:26,102
DA:27,28
DA:31,20
DA:32,20
DA:33,58
DA:34,58
DA:35,23
DA:36,23
DA:41,3
DA:44,1
DA:45,1
DA:46,1
DA:49,1
DA:50,1
DA:51,1
LF:31
LH:31
BRDA:25,0,0,102
BRDA:25,0,1,62
BRDA:26,1,0,28
BRDA:26,1,1,74
BRDA:26,2,0,102
BRDA:26,2,1,82
BRDA:34,3,0,23
BRDA:34,3,1,35
BRDA:34,4,0,58
BRDA:34,4,1,31
BRF:10
BRH:10
end_of_record
TN:
SF:Graph.js
FN:1,createGraph
FNF:1
FNH:1
FNDA:4,createGraph
DA:2,4
DA:4,4
DA:5,18
DA:8,4
DA:9,8
DA:10,8
DA:13,4
DA:16,1
DA:17,1
DA:19,1
DA:21,1
DA:22,1
LF:12
LH:12
BRF:0
BRH:0
end_of_record
